<?xml version="1.0" encoding="UTF-8"?>
<!-- Generated by org.testng.reporters.JUnitReportReporter -->
<testsuite skipped="0" hostname="LINBLR978PRQ2" name="test.SearchAndPrintTickets" tests="1" failures="0" timestamp="2021-03-29T15:46:31 IST" time="39.543" errors="0">
  <testcase name="search_for_flight_ticket_and_print_requested_details" time="39.543" classname="test.SearchAndPrintTickets"/>
  <system-out/>
</testsuite> <!-- test.SearchAndPrintTickets -->
