<?xml version="1.0" encoding="UTF-8"?>
<!-- Generated by org.testng.reporters.JUnitReportReporter -->
<testsuite skipped="0" hostname="LINBLR978PRQ2" name="test.SearchAndPrintTickets" tests="1" failures="0" timestamp="2021-03-28T19:25:47 IST" time="28.456" errors="0">
  <testcase name="search_for_flight_ticket" time="28.456" classname="test.SearchAndPrintTickets"/>
  <system-out/>
</testsuite> <!-- test.SearchAndPrintTickets -->
